<?xml version="1.0" encoding="UTF-8"?>
<!-- Generated by org.testng.reporters.JUnitReportReporter -->
<testsuite hostname="DESKTOP-UIFG9QV" failures="0" tests="3" name="Test_Runner.Login_Test_Runner" time="42.089" errors="0" timestamp="2022-01-06T06:44:41 IST" skipped="0">
  <testcase classname="Test_Runner.Login_Test_Runner" name="login_TC1" time="11.121"/>
  <system-out/>
  <testcase classname="Test_Runner.Login_Test_Runner" name="login_TC2" time="7.803"/>
  <system-out/>
  <testcase classname="Test_Runner.Login_Test_Runner" name="login_TC3" time="23.165"/>
  <system-out/>
</testsuite> <!-- Test_Runner.Login_Test_Runner -->
